
  .   ____          _            __ _ _
 /\\ / ___'_ __ _ _(_)_ __  __ _ \ \ \ \
( ( )\___ | '_ | '_| | '_ \/ _` | \ \ \ \
 \\/  ___)| |_)| | | | | || (_| |  ) ) ) )
  '  |____| .__|_| |_|_| |_\__, | / / / /
 =========|_|==============|___/=/_/_/_/
 :: Spring Boot ::        (v2.1.3.RELEASE)

2019-05-26 01:00:19.885  INFO 19175 --- [           main] com.ApplicationRun                       : Starting ApplicationRun v0.0.1-SNAPSHOT on izwz92bdx6sqk2g11uck16z with PID 19175 (/mnt/dakaproject/daka-0.0.1-SNAPSHOT.jar started by root in /mnt/dakaproject)
2019-05-26 01:00:19.898  INFO 19175 --- [           main] com.ApplicationRun                       : No active profile set, falling back to default profiles: default
2019-05-26 01:00:23.055  INFO 19175 --- [           main] .s.d.r.c.RepositoryConfigurationDelegate : Bootstrapping Spring Data repositories in DEFAULT mode.
2019-05-26 01:00:24.166  INFO 19175 --- [           main] .s.d.r.c.RepositoryConfigurationDelegate : Finished Spring Data repository scanning in 1098ms. Found 0 repository interfaces.
2019-05-26 01:00:24.919  INFO 19175 --- [           main] trationDelegate$BeanPostProcessorChecker : Bean 'org.springframework.transaction.annotation.ProxyTransactionManagementConfiguration' of type [org.springframework.transaction.annotation.ProxyTransactionManagementConfiguration$$EnhancerBySpringCGLIB$$32e63157] is not eligible for getting processed by all BeanPostProcessors (for example: not eligible for auto-proxying)
2019-05-26 01:00:25.641  INFO 19175 --- [           main] o.s.b.w.embedded.tomcat.TomcatWebServer  : Tomcat initialized with port(s): 5000 (http)
2019-05-26 01:00:25.699  INFO 19175 --- [           main] o.apache.catalina.core.StandardService   : Starting service [Tomcat]
2019-05-26 01:00:25.700  INFO 19175 --- [           main] org.apache.catalina.core.StandardEngine  : Starting Servlet engine: [Apache Tomcat/9.0.16]
2019-05-26 01:00:25.905  INFO 19175 --- [           main] o.a.catalina.core.AprLifecycleListener   : The APR based Apache Tomcat Native library which allows optimal performance in production environments was not found on the java.library.path: [/usr/java/packages/lib/amd64:/usr/lib64:/lib64:/lib:/usr/lib]
2019-05-26 01:00:26.076  INFO 19175 --- [           main] o.a.c.c.C.[Tomcat].[localhost].[/]       : Initializing Spring embedded WebApplicationContext
2019-05-26 01:00:26.076  INFO 19175 --- [           main] o.s.web.context.ContextLoader            : Root WebApplicationContext: initialization completed in 6057 ms
2019-05-26 01:00:26.150  INFO 19175 --- [           main] com.daka.core.listener.ConfigListener    : -------初始化系统参数 --- 开始
2019-05-26 01:00:26.151  INFO 19175 --- [           main] com.daka.core.listener.ConfigListener    : -------初始化系统参数 --- 结束
2019-05-26 01:00:26.371  INFO 19175 --- [           main] com.zaxxer.hikari.HikariDataSource       : HikariPool-1 - Starting...
2019-05-26 01:00:27.824  INFO 19175 --- [           main] com.zaxxer.hikari.HikariDataSource       : HikariPool-1 - Start completed.
2019-05-26 01:00:28.245  INFO 19175 --- [           main] o.hibernate.jpa.internal.util.LogHelper  : HHH000204: Processing PersistenceUnitInfo [
	name: default
	...]
2019-05-26 01:00:28.371  INFO 19175 --- [           main] org.hibernate.Version                    : HHH000412: Hibernate Core {5.3.7.Final}
2019-05-26 01:00:28.374  INFO 19175 --- [           main] org.hibernate.cfg.Environment            : HHH000206: hibernate.properties not found
2019-05-26 01:00:28.844  INFO 19175 --- [           main] o.hibernate.annotations.common.Version   : HCANN000001: Hibernate Commons Annotations {5.0.4.Final}
2019-05-26 01:00:29.368  INFO 19175 --- [           main] org.hibernate.dialect.Dialect            : HHH000400: Using dialect: org.hibernate.dialect.MySQL5Dialect
2019-05-26 01:00:29.756  INFO 19175 --- [           main] j.LocalContainerEntityManagerFactoryBean : Initialized JPA EntityManagerFactory for persistence unit 'default'
2019-05-26 01:00:30.641  WARN 19175 --- [           main] aWebConfiguration$JpaWebMvcConfiguration : spring.jpa.open-in-view is enabled by default. Therefore, database queries may be performed during view rendering. Explicitly configure spring.jpa.open-in-view to disable this warning
2019-05-26 01:00:31.059  INFO 19175 --- [           main] o.s.s.concurrent.ThreadPoolTaskExecutor  : Initializing ExecutorService 'applicationTaskExecutor'
2019-05-26 01:00:31.414  INFO 19175 --- [           main] d.s.w.p.DocumentationPluginsBootstrapper : Context refreshed
2019-05-26 01:00:31.458  INFO 19175 --- [           main] d.s.w.p.DocumentationPluginsBootstrapper : Found 1 custom documentation plugin(s)
2019-05-26 01:00:31.477  INFO 19175 --- [           main] s.d.s.w.s.ApiListingReferenceScanner     : Scanning for api listing references
2019-05-26 01:00:31.893  INFO 19175 --- [           main] .d.s.w.r.o.CachingOperationNameGenerator : Generating unique operation named: addUserUsingPOST_1
2019-05-26 01:00:31.897  INFO 19175 --- [           main] .d.s.w.r.o.CachingOperationNameGenerator : Generating unique operation named: addUserUsingPOST_2
2019-05-26 01:00:31.901  INFO 19175 --- [           main] .d.s.w.r.o.CachingOperationNameGenerator : Generating unique operation named: addUserUsingPOST_3
2019-05-26 01:00:31.904  INFO 19175 --- [           main] .d.s.w.r.o.CachingOperationNameGenerator : Generating unique operation named: addUserUsingPOST_4
2019-05-26 01:00:31.908  INFO 19175 --- [           main] .d.s.w.r.o.CachingOperationNameGenerator : Generating unique operation named: addUserUsingPOST_5
2019-05-26 01:00:31.911  INFO 19175 --- [           main] .d.s.w.r.o.CachingOperationNameGenerator : Generating unique operation named: addUserUsingPOST_6
2019-05-26 01:00:31.915  INFO 19175 --- [           main] .d.s.w.r.o.CachingOperationNameGenerator : Generating unique operation named: addUserUsingPOST_7
2019-05-26 01:00:31.956  INFO 19175 --- [           main] .d.s.w.r.o.CachingOperationNameGenerator : Generating unique operation named: compareUserUsingPOST_1
2019-05-26 01:00:31.959  INFO 19175 --- [           main] .d.s.w.r.o.CachingOperationNameGenerator : Generating unique operation named: compareUserUsingPOST_2
2019-05-26 01:00:31.962  INFO 19175 --- [           main] .d.s.w.r.o.CachingOperationNameGenerator : Generating unique operation named: compareUserUsingPOST_3
2019-05-26 01:00:31.966  INFO 19175 --- [           main] .d.s.w.r.o.CachingOperationNameGenerator : Generating unique operation named: compareUserUsingPOST_4
2019-05-26 01:00:31.969  INFO 19175 --- [           main] .d.s.w.r.o.CachingOperationNameGenerator : Generating unique operation named: compareUserUsingPOST_5
2019-05-26 01:00:31.972  INFO 19175 --- [           main] .d.s.w.r.o.CachingOperationNameGenerator : Generating unique operation named: compareUserUsingPOST_6
2019-05-26 01:00:31.975  INFO 19175 --- [           main] .d.s.w.r.o.CachingOperationNameGenerator : Generating unique operation named: compareUserUsingPOST_7
2019-05-26 01:00:31.982  INFO 19175 --- [           main] .d.s.w.r.o.CachingOperationNameGenerator : Generating unique operation named: deleteUserUsingPOST_1
2019-05-26 01:00:31.985  INFO 19175 --- [           main] .d.s.w.r.o.CachingOperationNameGenerator : Generating unique operation named: deleteUserUsingPOST_2
2019-05-26 01:00:31.987  INFO 19175 --- [           main] .d.s.w.r.o.CachingOperationNameGenerator : Generating unique operation named: deleteUserUsingPOST_3
2019-05-26 01:00:31.990  INFO 19175 --- [           main] .d.s.w.r.o.CachingOperationNameGenerator : Generating unique operation named: deleteUserUsingPOST_4
2019-05-26 01:00:31.992  INFO 19175 --- [           main] .d.s.w.r.o.CachingOperationNameGenerator : Generating unique operation named: deleteUserUsingPOST_5
2019-05-26 01:00:31.995  INFO 19175 --- [           main] .d.s.w.r.o.CachingOperationNameGenerator : Generating unique operation named: deleteUserUsingPOST_6
2019-05-26 01:00:31.998  INFO 19175 --- [           main] .d.s.w.r.o.CachingOperationNameGenerator : Generating unique operation named: deleteUserUsingPOST_7
2019-05-26 01:00:32.005  INFO 19175 --- [           main] .d.s.w.r.o.CachingOperationNameGenerator : Generating unique operation named: editUserUsingPOST_1
2019-05-26 01:00:32.008  INFO 19175 --- [           main] .d.s.w.r.o.CachingOperationNameGenerator : Generating unique operation named: editUserUsingPOST_2
2019-05-26 01:00:32.010  INFO 19175 --- [           main] .d.s.w.r.o.CachingOperationNameGenerator : Generating unique operation named: editUserUsingPOST_3
2019-05-26 01:00:32.013  INFO 19175 --- [           main] .d.s.w.r.o.CachingOperationNameGenerator : Generating unique operation named: editUserUsingPOST_4
2019-05-26 01:00:32.016  INFO 19175 --- [           main] .d.s.w.r.o.CachingOperationNameGenerator : Generating unique operation named: editUserUsingPOST_5
2019-05-26 01:00:32.018  INFO 19175 --- [           main] .d.s.w.r.o.CachingOperationNameGenerator : Generating unique operation named: editUserUsingPOST_6
2019-05-26 01:00:32.021  INFO 19175 --- [           main] .d.s.w.r.o.CachingOperationNameGenerator : Generating unique operation named: editUserUsingPOST_7
2019-05-26 01:00:32.027  INFO 19175 --- [           main] .d.s.w.r.o.CachingOperationNameGenerator : Generating unique operation named: queryUserUsingPOST_1
2019-05-26 01:00:32.030  INFO 19175 --- [           main] .d.s.w.r.o.CachingOperationNameGenerator : Generating unique operation named: queryUserUsingPOST_2
2019-05-26 01:00:32.032  INFO 19175 --- [           main] .d.s.w.r.o.CachingOperationNameGenerator : Generating unique operation named: queryUserUsingPOST_3
2019-05-26 01:00:32.035  INFO 19175 --- [           main] .d.s.w.r.o.CachingOperationNameGenerator : Generating unique operation named: queryUserUsingPOST_4
2019-05-26 01:00:32.037  INFO 19175 --- [           main] .d.s.w.r.o.CachingOperationNameGenerator : Generating unique operation named: queryUserUsingPOST_5
2019-05-26 01:00:32.040  INFO 19175 --- [           main] .d.s.w.r.o.CachingOperationNameGenerator : Generating unique operation named: queryUserUsingPOST_6
2019-05-26 01:00:32.042  INFO 19175 --- [           main] .d.s.w.r.o.CachingOperationNameGenerator : Generating unique operation named: queryUserUsingPOST_7
2019-05-26 01:00:32.048  INFO 19175 --- [           main] .d.s.w.r.o.CachingOperationNameGenerator : Generating unique operation named: queryUserByDateUsingPOST_1
2019-05-26 01:00:32.050  INFO 19175 --- [           main] .d.s.w.r.o.CachingOperationNameGenerator : Generating unique operation named: queryUserByDateUsingPOST_2
2019-05-26 01:00:32.052  INFO 19175 --- [           main] .d.s.w.r.o.CachingOperationNameGenerator : Generating unique operation named: queryUserByDateUsingPOST_3
2019-05-26 01:00:32.055  INFO 19175 --- [           main] .d.s.w.r.o.CachingOperationNameGenerator : Generating unique operation named: queryUserByDateUsingPOST_4
2019-05-26 01:00:32.057  INFO 19175 --- [           main] .d.s.w.r.o.CachingOperationNameGenerator : Generating unique operation named: queryUserByDateUsingPOST_5
2019-05-26 01:00:32.059  INFO 19175 --- [           main] .d.s.w.r.o.CachingOperationNameGenerator : Generating unique operation named: queryUserByDateUsingPOST_6
2019-05-26 01:00:32.061  INFO 19175 --- [           main] .d.s.w.r.o.CachingOperationNameGenerator : Generating unique operation named: queryUserByDateUsingPOST_7
2019-05-26 01:00:32.067  INFO 19175 --- [           main] .d.s.w.r.o.CachingOperationNameGenerator : Generating unique operation named: recordUsingPOST_1
2019-05-26 01:00:32.069  INFO 19175 --- [           main] .d.s.w.r.o.CachingOperationNameGenerator : Generating unique operation named: recordUsingPOST_2
2019-05-26 01:00:32.072  INFO 19175 --- [           main] .d.s.w.r.o.CachingOperationNameGenerator : Generating unique operation named: recordUsingPOST_3
2019-05-26 01:00:32.074  INFO 19175 --- [           main] .d.s.w.r.o.CachingOperationNameGenerator : Generating unique operation named: recordUsingPOST_4
2019-05-26 01:00:32.077  INFO 19175 --- [           main] .d.s.w.r.o.CachingOperationNameGenerator : Generating unique operation named: recordUsingPOST_5
2019-05-26 01:00:32.079  INFO 19175 --- [           main] .d.s.w.r.o.CachingOperationNameGenerator : Generating unique operation named: recordUsingPOST_6
2019-05-26 01:00:32.081  INFO 19175 --- [           main] .d.s.w.r.o.CachingOperationNameGenerator : Generating unique operation named: recordUsingPOST_7
2019-05-26 01:00:32.214  INFO 19175 --- [           main] o.s.b.w.embedded.tomcat.TomcatWebServer  : Tomcat started on port(s): 5000 (http) with context path ''
2019-05-26 01:00:32.218  INFO 19175 --- [           main] com.ApplicationRun                       : Started ApplicationRun in 13.094 seconds (JVM running for 14.713)
2019-05-26 01:02:42.086  INFO 19175 --- [nio-5000-exec-1] o.a.c.c.C.[Tomcat].[localhost].[/]       : Initializing Spring DispatcherServlet 'dispatcherServlet'
2019-05-26 01:02:42.087  INFO 19175 --- [nio-5000-exec-1] o.s.web.servlet.DispatcherServlet        : Initializing Servlet 'dispatcherServlet'
2019-05-26 01:02:42.099  INFO 19175 --- [nio-5000-exec-1] o.s.web.servlet.DispatcherServlet        : Completed initialization in 11 ms
2019-05-26 01:07:39.734 ERROR 19175 --- [nio-5000-exec-1] o.a.c.c.C.[.[.[/].[dispatcherServlet]    : Servlet.service() for servlet [dispatcherServlet] in context with path [] threw exception [Request processing failed; nested exception is org.springframework.web.multipart.MultipartException: Failed to parse multipart servlet request; nested exception is java.io.IOException: org.apache.tomcat.util.http.fileupload.FileUploadBase$IOFileUploadException: Processing of multipart/form-data request failed. java.io.EOFException: Unexpected EOF read on the socket] with root cause

java.io.EOFException: Unexpected EOF read on the socket
	at org.apache.coyote.http11.Http11InputBuffer.fill(Http11InputBuffer.java:734) ~[tomcat-embed-core-9.0.16.jar!/:9.0.16]
	at org.apache.coyote.http11.Http11InputBuffer.access$300(Http11InputBuffer.java:40) ~[tomcat-embed-core-9.0.16.jar!/:9.0.16]
	at org.apache.coyote.http11.Http11InputBuffer$SocketInputBuffer.doRead(Http11InputBuffer.java:1061) ~[tomcat-embed-core-9.0.16.jar!/:9.0.16]
	at org.apache.coyote.http11.filters.IdentityInputFilter.doRead(IdentityInputFilter.java:102) ~[tomcat-embed-core-9.0.16.jar!/:9.0.16]
	at org.apache.coyote.http11.Http11InputBuffer.doRead(Http11InputBuffer.java:245) ~[tomcat-embed-core-9.0.16.jar!/:9.0.16]
	at org.apache.coyote.Request.doRead(Request.java:551) ~[tomcat-embed-core-9.0.16.jar!/:9.0.16]
	at org.apache.catalina.connector.InputBuffer.realReadBytes(InputBuffer.java:336) ~[tomcat-embed-core-9.0.16.jar!/:9.0.16]
	at org.apache.catalina.connector.InputBuffer.checkByteBufferEof(InputBuffer.java:632) ~[tomcat-embed-core-9.0.16.jar!/:9.0.16]
	at org.apache.catalina.connector.InputBuffer.read(InputBuffer.java:362) ~[tomcat-embed-core-9.0.16.jar!/:9.0.16]
	at org.apache.catalina.connector.CoyoteInputStream.read(CoyoteInputStream.java:132) ~[tomcat-embed-core-9.0.16.jar!/:9.0.16]
	at java.io.FilterInputStream.read(FilterInputStream.java:133) ~[na:1.8.0_161]
	at org.apache.tomcat.util.http.fileupload.util.LimitedInputStream.read(LimitedInputStream.java:132) ~[tomcat-embed-core-9.0.16.jar!/:9.0.16]
	at org.apache.tomcat.util.http.fileupload.MultipartStream$ItemInputStream.makeAvailable(MultipartStream.java:977) ~[tomcat-embed-core-9.0.16.jar!/:9.0.16]
	at org.apache.tomcat.util.http.fileupload.MultipartStream$ItemInputStream.read(MultipartStream.java:881) ~[tomcat-embed-core-9.0.16.jar!/:9.0.16]
	at java.io.FilterInputStream.read(FilterInputStream.java:133) ~[na:1.8.0_161]
	at org.apache.tomcat.util.http.fileupload.util.LimitedInputStream.read(LimitedInputStream.java:132) ~[tomcat-embed-core-9.0.16.jar!/:9.0.16]
	at java.io.FilterInputStream.read(FilterInputStream.java:107) ~[na:1.8.0_161]
	at org.apache.tomcat.util.http.fileupload.util.Streams.copy(Streams.java:98) ~[tomcat-embed-core-9.0.16.jar!/:9.0.16]
	at org.apache.tomcat.util.http.fileupload.util.Streams.copy(Streams.java:68) ~[tomcat-embed-core-9.0.16.jar!/:9.0.16]
	at org.apache.tomcat.util.http.fileupload.FileUploadBase.parseRequest(FileUploadBase.java:293) ~[tomcat-embed-core-9.0.16.jar!/:9.0.16]
	at org.apache.catalina.connector.Request.parseParts(Request.java:2846) ~[tomcat-embed-core-9.0.16.jar!/:9.0.16]
	at org.apache.catalina.connector.Request.getParts(Request.java:2754) ~[tomcat-embed-core-9.0.16.jar!/:9.0.16]
	at org.apache.catalina.connector.RequestFacade.getParts(RequestFacade.java:1098) ~[tomcat-embed-core-9.0.16.jar!/:9.0.16]
	at org.springframework.web.multipart.support.StandardMultipartHttpServletRequest.parseRequest(StandardMultipartHttpServletRequest.java:94) ~[spring-web-5.1.5.RELEASE.jar!/:5.1.5.RELEASE]
	at org.springframework.web.multipart.support.StandardMultipartHttpServletRequest.<init>(StandardMultipartHttpServletRequest.java:87) ~[spring-web-5.1.5.RELEASE.jar!/:5.1.5.RELEASE]
	at org.springframework.web.multipart.support.StandardServletMultipartResolver.resolveMultipart(StandardServletMultipartResolver.java:87) ~[spring-web-5.1.5.RELEASE.jar!/:5.1.5.RELEASE]
	at org.springframework.web.servlet.DispatcherServlet.checkMultipart(DispatcherServlet.java:1175) ~[spring-webmvc-5.1.5.RELEASE.jar!/:5.1.5.RELEASE]
	at org.springframework.web.servlet.DispatcherServlet.doDispatch(DispatcherServlet.java:1010) ~[spring-webmvc-5.1.5.RELEASE.jar!/:5.1.5.RELEASE]
	at org.springframework.web.servlet.DispatcherServlet.doService(DispatcherServlet.java:942) ~[spring-webmvc-5.1.5.RELEASE.jar!/:5.1.5.RELEASE]
	at org.springframework.web.servlet.FrameworkServlet.processRequest(FrameworkServlet.java:1005) ~[spring-webmvc-5.1.5.RELEASE.jar!/:5.1.5.RELEASE]
	at org.springframework.web.servlet.FrameworkServlet.doPost(FrameworkServlet.java:908) ~[spring-webmvc-5.1.5.RELEASE.jar!/:5.1.5.RELEASE]
	at javax.servlet.http.HttpServlet.service(HttpServlet.java:665) ~[javax.servlet-api-4.0.1.jar!/:4.0.1]
	at org.springframework.web.servlet.FrameworkServlet.service(FrameworkServlet.java:882) ~[spring-webmvc-5.1.5.RELEASE.jar!/:5.1.5.RELEASE]
	at javax.servlet.http.HttpServlet.service(HttpServlet.java:750) ~[javax.servlet-api-4.0.1.jar!/:4.0.1]
	at org.apache.catalina.core.ApplicationFilterChain.internalDoFilter(ApplicationFilterChain.java:231) ~[tomcat-embed-core-9.0.16.jar!/:9.0.16]
	at org.apache.catalina.core.ApplicationFilterChain.doFilter(ApplicationFilterChain.java:166) ~[tomcat-embed-core-9.0.16.jar!/:9.0.16]
	at org.springframework.web.filter.RequestContextFilter.doFilterInternal(RequestContextFilter.java:99) ~[spring-web-5.1.5.RELEASE.jar!/:5.1.5.RELEASE]
	at org.springframework.web.filter.OncePerRequestFilter.doFilter(OncePerRequestFilter.java:107) ~[spring-web-5.1.5.RELEASE.jar!/:5.1.5.RELEASE]
	at org.apache.catalina.core.ApplicationFilterChain.internalDoFilter(ApplicationFilterChain.java:193) ~[tomcat-embed-core-9.0.16.jar!/:9.0.16]
	at org.apache.catalina.core.ApplicationFilterChain.doFilter(ApplicationFilterChain.java:166) ~[tomcat-embed-core-9.0.16.jar!/:9.0.16]
	at org.springframework.web.filter.FormContentFilter.doFilterInternal(FormContentFilter.java:92) ~[spring-web-5.1.5.RELEASE.jar!/:5.1.5.RELEASE]
	at org.springframework.web.filter.OncePerRequestFilter.doFilter(OncePerRequestFilter.java:107) ~[spring-web-5.1.5.RELEASE.jar!/:5.1.5.RELEASE]
	at org.apache.catalina.core.ApplicationFilterChain.internalDoFilter(ApplicationFilterChain.java:193) ~[tomcat-embed-core-9.0.16.jar!/:9.0.16]
	at org.apache.catalina.core.ApplicationFilterChain.doFilter(ApplicationFilterChain.java:166) ~[tomcat-embed-core-9.0.16.jar!/:9.0.16]
	at org.springframework.web.filter.HiddenHttpMethodFilter.doFilterInternal(HiddenHttpMethodFilter.java:93) ~[spring-web-5.1.5.RELEASE.jar!/:5.1.5.RELEASE]
	at org.springframework.web.filter.OncePerRequestFilter.doFilter(OncePerRequestFilter.java:107) ~[spring-web-5.1.5.RELEASE.jar!/:5.1.5.RELEASE]
	at org.apache.catalina.core.ApplicationFilterChain.internalDoFilter(ApplicationFilterChain.java:193) ~[tomcat-embed-core-9.0.16.jar!/:9.0.16]
	at org.apache.catalina.core.ApplicationFilterChain.doFilter(ApplicationFilterChain.java:166) ~[tomcat-embed-core-9.0.16.jar!/:9.0.16]
	at org.springframework.web.filter.CharacterEncodingFilter.doFilterInternal(CharacterEncodingFilter.java:200) ~[spring-web-5.1.5.RELEASE.jar!/:5.1.5.RELEASE]
	at org.springframework.web.filter.OncePerRequestFilter.doFilter(OncePerRequestFilter.java:107) ~[spring-web-5.1.5.RELEASE.jar!/:5.1.5.RELEASE]
	at org.apache.catalina.core.ApplicationFilterChain.internalDoFilter(ApplicationFilterChain.java:193) ~[tomcat-embed-core-9.0.16.jar!/:9.0.16]
	at org.apache.catalina.core.ApplicationFilterChain.doFilter(ApplicationFilterChain.java:166) ~[tomcat-embed-core-9.0.16.jar!/:9.0.16]
	at org.apache.catalina.core.StandardWrapperValve.invoke(StandardWrapperValve.java:200) ~[tomcat-embed-core-9.0.16.jar!/:9.0.16]
	at org.apache.catalina.core.StandardContextValve.invoke(StandardContextValve.java:96) [tomcat-embed-core-9.0.16.jar!/:9.0.16]
	at org.apache.catalina.authenticator.AuthenticatorBase.invoke(AuthenticatorBase.java:490) [tomcat-embed-core-9.0.16.jar!/:9.0.16]
	at org.apache.catalina.core.StandardHostValve.invoke(StandardHostValve.java:139) [tomcat-embed-core-9.0.16.jar!/:9.0.16]
	at org.apache.catalina.valves.ErrorReportValve.invoke(ErrorReportValve.java:92) [tomcat-embed-core-9.0.16.jar!/:9.0.16]
	at org.apache.catalina.core.StandardEngineValve.invoke(StandardEngineValve.java:74) [tomcat-embed-core-9.0.16.jar!/:9.0.16]
	at org.apache.catalina.connector.CoyoteAdapter.service(CoyoteAdapter.java:343) [tomcat-embed-core-9.0.16.jar!/:9.0.16]
	at org.apache.coyote.http11.Http11Processor.service(Http11Processor.java:408) [tomcat-embed-core-9.0.16.jar!/:9.0.16]
	at org.apache.coyote.AbstractProcessorLight.process(AbstractProcessorLight.java:66) [tomcat-embed-core-9.0.16.jar!/:9.0.16]
	at org.apache.coyote.AbstractProtocol$ConnectionHandler.process(AbstractProtocol.java:834) [tomcat-embed-core-9.0.16.jar!/:9.0.16]
	at org.apache.tomcat.util.net.NioEndpoint$SocketProcessor.doRun(NioEndpoint.java:1415) [tomcat-embed-core-9.0.16.jar!/:9.0.16]
	at org.apache.tomcat.util.net.SocketProcessorBase.run(SocketProcessorBase.java:49) [tomcat-embed-core-9.0.16.jar!/:9.0.16]
	at java.util.concurrent.ThreadPoolExecutor.runWorker(ThreadPoolExecutor.java:1149) [na:1.8.0_161]
	at java.util.concurrent.ThreadPoolExecutor$Worker.run(ThreadPoolExecutor.java:624) [na:1.8.0_161]
	at org.apache.tomcat.util.threads.TaskThread$WrappingRunnable.run(TaskThread.java:61) [tomcat-embed-core-9.0.16.jar!/:9.0.16]
	at java.lang.Thread.run(Thread.java:748) [na:1.8.0_161]

2019-05-27 07:28:31.723  INFO 19175 --- [nio-5000-exec-3] o.apache.coyote.http11.Http11Processor   : Error parsing HTTP request header
 Note: further occurrences of HTTP request parsing errors will be logged at DEBUG level.

java.lang.IllegalArgumentException: Invalid character found in method name. HTTP method names must be tokens
	at org.apache.coyote.http11.Http11InputBuffer.parseRequestLine(Http11InputBuffer.java:414) ~[tomcat-embed-core-9.0.16.jar!/:9.0.16]
	at org.apache.coyote.http11.Http11Processor.service(Http11Processor.java:294) ~[tomcat-embed-core-9.0.16.jar!/:9.0.16]
	at org.apache.coyote.AbstractProcessorLight.process(AbstractProcessorLight.java:66) [tomcat-embed-core-9.0.16.jar!/:9.0.16]
	at org.apache.coyote.AbstractProtocol$ConnectionHandler.process(AbstractProtocol.java:834) [tomcat-embed-core-9.0.16.jar!/:9.0.16]
	at org.apache.tomcat.util.net.NioEndpoint$SocketProcessor.doRun(NioEndpoint.java:1415) [tomcat-embed-core-9.0.16.jar!/:9.0.16]
	at org.apache.tomcat.util.net.SocketProcessorBase.run(SocketProcessorBase.java:49) [tomcat-embed-core-9.0.16.jar!/:9.0.16]
	at java.util.concurrent.ThreadPoolExecutor.runWorker(ThreadPoolExecutor.java:1149) [na:1.8.0_161]
	at java.util.concurrent.ThreadPoolExecutor$Worker.run(ThreadPoolExecutor.java:624) [na:1.8.0_161]
	at org.apache.tomcat.util.threads.TaskThread$WrappingRunnable.run(TaskThread.java:61) [tomcat-embed-core-9.0.16.jar!/:9.0.16]
	at java.lang.Thread.run(Thread.java:748) [na:1.8.0_161]

2019-05-29 04:57:39.322  INFO 19175 --- [nio-5000-exec-6] o.apache.coyote.http11.Http11Processor   : Error parsing HTTP request header
 Note: further occurrences of HTTP request parsing errors will be logged at DEBUG level.

java.lang.IllegalArgumentException: Invalid character found in method name. HTTP method names must be tokens
	at org.apache.coyote.http11.Http11InputBuffer.parseRequestLine(Http11InputBuffer.java:414) ~[tomcat-embed-core-9.0.16.jar!/:9.0.16]
	at org.apache.coyote.http11.Http11Processor.service(Http11Processor.java:294) ~[tomcat-embed-core-9.0.16.jar!/:9.0.16]
	at org.apache.coyote.AbstractProcessorLight.process(AbstractProcessorLight.java:66) [tomcat-embed-core-9.0.16.jar!/:9.0.16]
	at org.apache.coyote.AbstractProtocol$ConnectionHandler.process(AbstractProtocol.java:834) [tomcat-embed-core-9.0.16.jar!/:9.0.16]
	at org.apache.tomcat.util.net.NioEndpoint$SocketProcessor.doRun(NioEndpoint.java:1415) [tomcat-embed-core-9.0.16.jar!/:9.0.16]
	at org.apache.tomcat.util.net.SocketProcessorBase.run(SocketProcessorBase.java:49) [tomcat-embed-core-9.0.16.jar!/:9.0.16]
	at java.util.concurrent.ThreadPoolExecutor.runWorker(ThreadPoolExecutor.java:1149) [na:1.8.0_161]
	at java.util.concurrent.ThreadPoolExecutor$Worker.run(ThreadPoolExecutor.java:624) [na:1.8.0_161]
	at org.apache.tomcat.util.threads.TaskThread$WrappingRunnable.run(TaskThread.java:61) [tomcat-embed-core-9.0.16.jar!/:9.0.16]
	at java.lang.Thread.run(Thread.java:748) [na:1.8.0_161]

2019-05-30 05:53:03.571  INFO 19175 --- [nio-5000-exec-6] o.apache.coyote.http11.Http11Processor   : Error parsing HTTP request header
 Note: further occurrences of HTTP request parsing errors will be logged at DEBUG level.

java.lang.IllegalArgumentException: Invalid character found in method name. HTTP method names must be tokens
	at org.apache.coyote.http11.Http11InputBuffer.parseRequestLine(Http11InputBuffer.java:414) ~[tomcat-embed-core-9.0.16.jar!/:9.0.16]
	at org.apache.coyote.http11.Http11Processor.service(Http11Processor.java:294) ~[tomcat-embed-core-9.0.16.jar!/:9.0.16]
	at org.apache.coyote.AbstractProcessorLight.process(AbstractProcessorLight.java:66) [tomcat-embed-core-9.0.16.jar!/:9.0.16]
	at org.apache.coyote.AbstractProtocol$ConnectionHandler.process(AbstractProtocol.java:834) [tomcat-embed-core-9.0.16.jar!/:9.0.16]
	at org.apache.tomcat.util.net.NioEndpoint$SocketProcessor.doRun(NioEndpoint.java:1415) [tomcat-embed-core-9.0.16.jar!/:9.0.16]
	at org.apache.tomcat.util.net.SocketProcessorBase.run(SocketProcessorBase.java:49) [tomcat-embed-core-9.0.16.jar!/:9.0.16]
	at java.util.concurrent.ThreadPoolExecutor.runWorker(ThreadPoolExecutor.java:1149) [na:1.8.0_161]
	at java.util.concurrent.ThreadPoolExecutor$Worker.run(ThreadPoolExecutor.java:624) [na:1.8.0_161]
	at org.apache.tomcat.util.threads.TaskThread$WrappingRunnable.run(TaskThread.java:61) [tomcat-embed-core-9.0.16.jar!/:9.0.16]
	at java.lang.Thread.run(Thread.java:748) [na:1.8.0_161]

2019-05-31 07:42:41.288  INFO 19175 --- [nio-5000-exec-8] o.apache.coyote.http11.Http11Processor   : Error parsing HTTP request header
 Note: further occurrences of HTTP request parsing errors will be logged at DEBUG level.

java.lang.IllegalArgumentException: Invalid character found in method name. HTTP method names must be tokens
	at org.apache.coyote.http11.Http11InputBuffer.parseRequestLine(Http11InputBuffer.java:414) ~[tomcat-embed-core-9.0.16.jar!/:9.0.16]
	at org.apache.coyote.http11.Http11Processor.service(Http11Processor.java:294) ~[tomcat-embed-core-9.0.16.jar!/:9.0.16]
	at org.apache.coyote.AbstractProcessorLight.process(AbstractProcessorLight.java:66) [tomcat-embed-core-9.0.16.jar!/:9.0.16]
	at org.apache.coyote.AbstractProtocol$ConnectionHandler.process(AbstractProtocol.java:834) [tomcat-embed-core-9.0.16.jar!/:9.0.16]
	at org.apache.tomcat.util.net.NioEndpoint$SocketProcessor.doRun(NioEndpoint.java:1415) [tomcat-embed-core-9.0.16.jar!/:9.0.16]
	at org.apache.tomcat.util.net.SocketProcessorBase.run(SocketProcessorBase.java:49) [tomcat-embed-core-9.0.16.jar!/:9.0.16]
	at java.util.concurrent.ThreadPoolExecutor.runWorker(ThreadPoolExecutor.java:1149) [na:1.8.0_161]
	at java.util.concurrent.ThreadPoolExecutor$Worker.run(ThreadPoolExecutor.java:624) [na:1.8.0_161]
	at org.apache.tomcat.util.threads.TaskThread$WrappingRunnable.run(TaskThread.java:61) [tomcat-embed-core-9.0.16.jar!/:9.0.16]
	at java.lang.Thread.run(Thread.java:748) [na:1.8.0_161]

2019-06-01 11:27:06.706  INFO 19175 --- [nio-5000-exec-1] o.apache.coyote.http11.Http11Processor   : Error parsing HTTP request header
 Note: further occurrences of HTTP request parsing errors will be logged at DEBUG level.

java.lang.IllegalArgumentException: Invalid character found in method name. HTTP method names must be tokens
	at org.apache.coyote.http11.Http11InputBuffer.parseRequestLine(Http11InputBuffer.java:414) ~[tomcat-embed-core-9.0.16.jar!/:9.0.16]
	at org.apache.coyote.http11.Http11Processor.service(Http11Processor.java:294) ~[tomcat-embed-core-9.0.16.jar!/:9.0.16]
	at org.apache.coyote.AbstractProcessorLight.process(AbstractProcessorLight.java:66) [tomcat-embed-core-9.0.16.jar!/:9.0.16]
	at org.apache.coyote.AbstractProtocol$ConnectionHandler.process(AbstractProtocol.java:834) [tomcat-embed-core-9.0.16.jar!/:9.0.16]
	at org.apache.tomcat.util.net.NioEndpoint$SocketProcessor.doRun(NioEndpoint.java:1415) [tomcat-embed-core-9.0.16.jar!/:9.0.16]
	at org.apache.tomcat.util.net.SocketProcessorBase.run(SocketProcessorBase.java:49) [tomcat-embed-core-9.0.16.jar!/:9.0.16]
	at java.util.concurrent.ThreadPoolExecutor.runWorker(ThreadPoolExecutor.java:1149) [na:1.8.0_161]
	at java.util.concurrent.ThreadPoolExecutor$Worker.run(ThreadPoolExecutor.java:624) [na:1.8.0_161]
	at org.apache.tomcat.util.threads.TaskThread$WrappingRunnable.run(TaskThread.java:61) [tomcat-embed-core-9.0.16.jar!/:9.0.16]
	at java.lang.Thread.run(Thread.java:748) [na:1.8.0_161]

2019-06-02 20:12:50.535  INFO 19175 --- [nio-5000-exec-6] o.apache.coyote.http11.Http11Processor   : Error parsing HTTP request header
 Note: further occurrences of HTTP request parsing errors will be logged at DEBUG level.

java.lang.IllegalArgumentException: Invalid character found in method name. HTTP method names must be tokens
	at org.apache.coyote.http11.Http11InputBuffer.parseRequestLine(Http11InputBuffer.java:414) ~[tomcat-embed-core-9.0.16.jar!/:9.0.16]
	at org.apache.coyote.http11.Http11Processor.service(Http11Processor.java:294) ~[tomcat-embed-core-9.0.16.jar!/:9.0.16]
	at org.apache.coyote.AbstractProcessorLight.process(AbstractProcessorLight.java:66) [tomcat-embed-core-9.0.16.jar!/:9.0.16]
	at org.apache.coyote.AbstractProtocol$ConnectionHandler.process(AbstractProtocol.java:834) [tomcat-embed-core-9.0.16.jar!/:9.0.16]
	at org.apache.tomcat.util.net.NioEndpoint$SocketProcessor.doRun(NioEndpoint.java:1415) [tomcat-embed-core-9.0.16.jar!/:9.0.16]
	at org.apache.tomcat.util.net.SocketProcessorBase.run(SocketProcessorBase.java:49) [tomcat-embed-core-9.0.16.jar!/:9.0.16]
	at java.util.concurrent.ThreadPoolExecutor.runWorker(ThreadPoolExecutor.java:1149) [na:1.8.0_161]
	at java.util.concurrent.ThreadPoolExecutor$Worker.run(ThreadPoolExecutor.java:624) [na:1.8.0_161]
	at org.apache.tomcat.util.threads.TaskThread$WrappingRunnable.run(TaskThread.java:61) [tomcat-embed-core-9.0.16.jar!/:9.0.16]
	at java.lang.Thread.run(Thread.java:748) [na:1.8.0_161]

2019-06-04 12:36:46.995  INFO 19175 --- [nio-5000-exec-1] o.apache.coyote.http11.Http11Processor   : Error parsing HTTP request header
 Note: further occurrences of HTTP request parsing errors will be logged at DEBUG level.

java.lang.IllegalArgumentException: Invalid character found in method name. HTTP method names must be tokens
	at org.apache.coyote.http11.Http11InputBuffer.parseRequestLine(Http11InputBuffer.java:414) ~[tomcat-embed-core-9.0.16.jar!/:9.0.16]
	at org.apache.coyote.http11.Http11Processor.service(Http11Processor.java:294) ~[tomcat-embed-core-9.0.16.jar!/:9.0.16]
	at org.apache.coyote.AbstractProcessorLight.process(AbstractProcessorLight.java:66) [tomcat-embed-core-9.0.16.jar!/:9.0.16]
	at org.apache.coyote.AbstractProtocol$ConnectionHandler.process(AbstractProtocol.java:834) [tomcat-embed-core-9.0.16.jar!/:9.0.16]
	at org.apache.tomcat.util.net.NioEndpoint$SocketProcessor.doRun(NioEndpoint.java:1415) [tomcat-embed-core-9.0.16.jar!/:9.0.16]
	at org.apache.tomcat.util.net.SocketProcessorBase.run(SocketProcessorBase.java:49) [tomcat-embed-core-9.0.16.jar!/:9.0.16]
	at java.util.concurrent.ThreadPoolExecutor.runWorker(ThreadPoolExecutor.java:1149) [na:1.8.0_161]
	at java.util.concurrent.ThreadPoolExecutor$Worker.run(ThreadPoolExecutor.java:624) [na:1.8.0_161]
	at org.apache.tomcat.util.threads.TaskThread$WrappingRunnable.run(TaskThread.java:61) [tomcat-embed-core-9.0.16.jar!/:9.0.16]
	at java.lang.Thread.run(Thread.java:748) [na:1.8.0_161]

2019-06-05 15:36:48.271  INFO 19175 --- [nio-5000-exec-5] o.apache.coyote.http11.Http11Processor   : Error parsing HTTP request header
 Note: further occurrences of HTTP request parsing errors will be logged at DEBUG level.

java.lang.IllegalArgumentException: Invalid character found in method name. HTTP method names must be tokens
	at org.apache.coyote.http11.Http11InputBuffer.parseRequestLine(Http11InputBuffer.java:414) ~[tomcat-embed-core-9.0.16.jar!/:9.0.16]
	at org.apache.coyote.http11.Http11Processor.service(Http11Processor.java:294) ~[tomcat-embed-core-9.0.16.jar!/:9.0.16]
	at org.apache.coyote.AbstractProcessorLight.process(AbstractProcessorLight.java:66) [tomcat-embed-core-9.0.16.jar!/:9.0.16]
	at org.apache.coyote.AbstractProtocol$ConnectionHandler.process(AbstractProtocol.java:834) [tomcat-embed-core-9.0.16.jar!/:9.0.16]
	at org.apache.tomcat.util.net.NioEndpoint$SocketProcessor.doRun(NioEndpoint.java:1415) [tomcat-embed-core-9.0.16.jar!/:9.0.16]
	at org.apache.tomcat.util.net.SocketProcessorBase.run(SocketProcessorBase.java:49) [tomcat-embed-core-9.0.16.jar!/:9.0.16]
	at java.util.concurrent.ThreadPoolExecutor.runWorker(ThreadPoolExecutor.java:1149) [na:1.8.0_161]
	at java.util.concurrent.ThreadPoolExecutor$Worker.run(ThreadPoolExecutor.java:624) [na:1.8.0_161]
	at org.apache.tomcat.util.threads.TaskThread$WrappingRunnable.run(TaskThread.java:61) [tomcat-embed-core-9.0.16.jar!/:9.0.16]
	at java.lang.Thread.run(Thread.java:748) [na:1.8.0_161]

2019-06-06 21:01:41.156  INFO 19175 --- [nio-5000-exec-3] o.apache.coyote.http11.Http11Processor   : Error parsing HTTP request header
 Note: further occurrences of HTTP request parsing errors will be logged at DEBUG level.

java.lang.IllegalArgumentException: Invalid character found in method name. HTTP method names must be tokens
	at org.apache.coyote.http11.Http11InputBuffer.parseRequestLine(Http11InputBuffer.java:414) ~[tomcat-embed-core-9.0.16.jar!/:9.0.16]
	at org.apache.coyote.http11.Http11Processor.service(Http11Processor.java:294) ~[tomcat-embed-core-9.0.16.jar!/:9.0.16]
	at org.apache.coyote.AbstractProcessorLight.process(AbstractProcessorLight.java:66) [tomcat-embed-core-9.0.16.jar!/:9.0.16]
	at org.apache.coyote.AbstractProtocol$ConnectionHandler.process(AbstractProtocol.java:834) [tomcat-embed-core-9.0.16.jar!/:9.0.16]
	at org.apache.tomcat.util.net.NioEndpoint$SocketProcessor.doRun(NioEndpoint.java:1415) [tomcat-embed-core-9.0.16.jar!/:9.0.16]
	at org.apache.tomcat.util.net.SocketProcessorBase.run(SocketProcessorBase.java:49) [tomcat-embed-core-9.0.16.jar!/:9.0.16]
	at java.util.concurrent.ThreadPoolExecutor.runWorker(ThreadPoolExecutor.java:1149) [na:1.8.0_161]
	at java.util.concurrent.ThreadPoolExecutor$Worker.run(ThreadPoolExecutor.java:624) [na:1.8.0_161]
	at org.apache.tomcat.util.threads.TaskThread$WrappingRunnable.run(TaskThread.java:61) [tomcat-embed-core-9.0.16.jar!/:9.0.16]
	at java.lang.Thread.run(Thread.java:748) [na:1.8.0_161]

2019-06-09 03:14:19.249  INFO 19175 --- [nio-5000-exec-2] o.apache.coyote.http11.Http11Processor   : Error parsing HTTP request header
 Note: further occurrences of HTTP request parsing errors will be logged at DEBUG level.

java.lang.IllegalArgumentException: Invalid character found in method name. HTTP method names must be tokens
	at org.apache.coyote.http11.Http11InputBuffer.parseRequestLine(Http11InputBuffer.java:414) ~[tomcat-embed-core-9.0.16.jar!/:9.0.16]
	at org.apache.coyote.http11.Http11Processor.service(Http11Processor.java:294) ~[tomcat-embed-core-9.0.16.jar!/:9.0.16]
	at org.apache.coyote.AbstractProcessorLight.process(AbstractProcessorLight.java:66) [tomcat-embed-core-9.0.16.jar!/:9.0.16]
	at org.apache.coyote.AbstractProtocol$ConnectionHandler.process(AbstractProtocol.java:834) [tomcat-embed-core-9.0.16.jar!/:9.0.16]
	at org.apache.tomcat.util.net.NioEndpoint$SocketProcessor.doRun(NioEndpoint.java:1415) [tomcat-embed-core-9.0.16.jar!/:9.0.16]
	at org.apache.tomcat.util.net.SocketProcessorBase.run(SocketProcessorBase.java:49) [tomcat-embed-core-9.0.16.jar!/:9.0.16]
	at java.util.concurrent.ThreadPoolExecutor.runWorker(ThreadPoolExecutor.java:1149) [na:1.8.0_161]
	at java.util.concurrent.ThreadPoolExecutor$Worker.run(ThreadPoolExecutor.java:624) [na:1.8.0_161]
	at org.apache.tomcat.util.threads.TaskThread$WrappingRunnable.run(TaskThread.java:61) [tomcat-embed-core-9.0.16.jar!/:9.0.16]
	at java.lang.Thread.run(Thread.java:748) [na:1.8.0_161]

2019-06-10 07:40:31.334  INFO 19175 --- [nio-5000-exec-9] o.apache.coyote.http11.Http11Processor   : Error parsing HTTP request header
 Note: further occurrences of HTTP request parsing errors will be logged at DEBUG level.

java.lang.IllegalArgumentException: Invalid character found in method name. HTTP method names must be tokens
	at org.apache.coyote.http11.Http11InputBuffer.parseRequestLine(Http11InputBuffer.java:414) ~[tomcat-embed-core-9.0.16.jar!/:9.0.16]
	at org.apache.coyote.http11.Http11Processor.service(Http11Processor.java:294) ~[tomcat-embed-core-9.0.16.jar!/:9.0.16]
	at org.apache.coyote.AbstractProcessorLight.process(AbstractProcessorLight.java:66) [tomcat-embed-core-9.0.16.jar!/:9.0.16]
	at org.apache.coyote.AbstractProtocol$ConnectionHandler.process(AbstractProtocol.java:834) [tomcat-embed-core-9.0.16.jar!/:9.0.16]
	at org.apache.tomcat.util.net.NioEndpoint$SocketProcessor.doRun(NioEndpoint.java:1415) [tomcat-embed-core-9.0.16.jar!/:9.0.16]
	at org.apache.tomcat.util.net.SocketProcessorBase.run(SocketProcessorBase.java:49) [tomcat-embed-core-9.0.16.jar!/:9.0.16]
	at java.util.concurrent.ThreadPoolExecutor.runWorker(ThreadPoolExecutor.java:1149) [na:1.8.0_161]
	at java.util.concurrent.ThreadPoolExecutor$Worker.run(ThreadPoolExecutor.java:624) [na:1.8.0_161]
	at org.apache.tomcat.util.threads.TaskThread$WrappingRunnable.run(TaskThread.java:61) [tomcat-embed-core-9.0.16.jar!/:9.0.16]
	at java.lang.Thread.run(Thread.java:748) [na:1.8.0_161]

2019-06-12 15:19:47.029  INFO 19175 --- [nio-5000-exec-3] o.apache.coyote.http11.Http11Processor   : Error parsing HTTP request header
 Note: further occurrences of HTTP request parsing errors will be logged at DEBUG level.

java.lang.IllegalArgumentException: Invalid character found in method name. HTTP method names must be tokens
	at org.apache.coyote.http11.Http11InputBuffer.parseRequestLine(Http11InputBuffer.java:414) ~[tomcat-embed-core-9.0.16.jar!/:9.0.16]
	at org.apache.coyote.http11.Http11Processor.service(Http11Processor.java:294) ~[tomcat-embed-core-9.0.16.jar!/:9.0.16]
	at org.apache.coyote.AbstractProcessorLight.process(AbstractProcessorLight.java:66) [tomcat-embed-core-9.0.16.jar!/:9.0.16]
	at org.apache.coyote.AbstractProtocol$ConnectionHandler.process(AbstractProtocol.java:834) [tomcat-embed-core-9.0.16.jar!/:9.0.16]
	at org.apache.tomcat.util.net.NioEndpoint$SocketProcessor.doRun(NioEndpoint.java:1415) [tomcat-embed-core-9.0.16.jar!/:9.0.16]
	at org.apache.tomcat.util.net.SocketProcessorBase.run(SocketProcessorBase.java:49) [tomcat-embed-core-9.0.16.jar!/:9.0.16]
	at java.util.concurrent.ThreadPoolExecutor.runWorker(ThreadPoolExecutor.java:1149) [na:1.8.0_161]
	at java.util.concurrent.ThreadPoolExecutor$Worker.run(ThreadPoolExecutor.java:624) [na:1.8.0_161]
	at org.apache.tomcat.util.threads.TaskThread$WrappingRunnable.run(TaskThread.java:61) [tomcat-embed-core-9.0.16.jar!/:9.0.16]
	at java.lang.Thread.run(Thread.java:748) [na:1.8.0_161]

